<?xml version="1.0" encoding="UTF-8"?>
<!-- Generated by org.testng.reporters.JUnitXMLReporter -->
<testsuite hostname="MSI" ignored="1" name="UI Tests" tests="21" failures="2" timestamp="2020-07-03T20:13:43 EDT" time="49.69" errors="0">
  <testcase name="testCase1DB" time="0.004" classname="io.duotech.uiTests.DB"/>
  <testcase name="testCase2DB" time="0.003" classname="io.duotech.uiTests.DB"/>
  <testcase name="negativeLogin" time="3.508" classname="io.duotech.uiTests.Login"/>
  <testcase name="positiveLogin" time="2.865" classname="io.duotech.uiTests.Login"/>
  <testcase name="positiveLogin" time="7.125" classname="io.duotech.uiTests.TestNG"/>
  <testcase name="testCase2" time="0.0" classname="io.duotech.uiTests.TestNG"/>
  <testcase name="testCase3" time="0.001" classname="io.duotech.uiTests.TestNG">
    <failure type="java.lang.AssertionError" message="expected [true] but found [false]">
      <![CDATA[java.lang.AssertionError: expected [true] but found [false]
at io.duotech.uiTests.TestNG.testCase3(TestNG.java:25)
at java.util.ArrayList.forEach(Unknown Source)
... Removed 31 stack frames]]>
    </failure>
  </testcase> <!-- testCase3 -->
  <testcase name="test1" time="0.001" classname="io.duotech.uiTests.TestOrder"/>
  <testcase name="test2" time="0.002" classname="io.duotech.uiTests.TestOrder"/>
  <testcase name="aTest" time="0.001" classname="july3.TestOrder"/>
  <testcase name="zTest" time="0.002" classname="july3.TestOrder"/>
  <testcase name="xTest" time="0.002" classname="july3.TestOrder"/>
  <testcase name="testCase1DB" time="0.001" classname="testngdemo.DatabaseTests"/>
  <testcase name="testCase2DB" time="0.001" classname="testngdemo.DatabaseTests"/>
  <testcase name="negativeLogin" time="3.54" classname="testngdemo.LoginTests"/>
  <testcase name="positiveLogin" time="2.87" classname="testngdemo.LoginTests"/>
  <testcase name="positiveLogin" time="7.161" classname="testngdemo.TestNGDemo"/>
  <testcase name="testCase2" time="0.001" classname="testngdemo.TestNGDemo"/>
  <testcase name="testCase3" time="0.001" classname="testngdemo.TestNGDemo">
    <failure type="java.lang.AssertionError" message="expected [true] but found [false]">
      <![CDATA[java.lang.AssertionError: expected [true] but found [false]
at testngdemo.TestNGDemo.testCase3(TestNGDemo.java:25)
at java.util.ArrayList.forEach(Unknown Source)
... Removed 31 stack frames]]>
    </failure>
  </testcase> <!-- testCase3 -->
  <testcase name="test1" time="0.001" classname="testngdemo.TestOrderOfExecution"/>
  <testcase name="test2" time="0.004" classname="testngdemo.TestOrderOfExecution"/>
  <testcase name="dTest" time="0.0" classname="july3.TestOrder">
    <ignored/>
  </testcase> <!-- dTest -->
</testsuite> <!-- UI Tests -->
