<html>
<head>
<title>TestNG:  UI Tests</title>
<link href="../testng.css" rel="stylesheet" type="text/css" />
<link href="../my-testng.css" rel="stylesheet" type="text/css" />

<style type="text/css">
.log { display: none;} 
.stack-trace { display: none;} 
</style>
<script type="text/javascript">
<!--
function flip(e) {
  current = e.style.display;
  if (current == 'block') {
    e.style.display = 'none';
    return 0;
  }
  else {
    e.style.display = 'block';
    return 1;
  }
}

function toggleBox(szDivId, elem, msg1, msg2)
{
  var res = -1;  if (document.getElementById) {
    res = flip(document.getElementById(szDivId));
  }
  else if (document.all) {
    // this is the way old msie versions work
    res = flip(document.all[szDivId]);
  }
  if(elem) {
    if(res == 0) elem.innerHTML = msg1; else elem.innerHTML = msg2;
  }

}

function toggleAllBoxes() {
  if (document.getElementsByTagName) {
    d = document.getElementsByTagName('div');
    for (i = 0; i < d.length; i++) {
      if (d[i].className == 'log') {
        flip(d[i]);
      }
    }
  }
}

// -->
</script>

</head>
<body>
<h2 align='center'>UI Tests</h2><table border='1' align="center">
<tr>
<td>Tests passed/Failed/Skipped:</td><td>19/2/0</td>
</tr><tr>
<td>Started on:</td><td>Fri Jul 03 20:12:53 EDT 2020</td>
</tr>
<tr><td>Total time:</td><td>49 seconds (49690 ms)</td>
</tr><tr>
<td>Included groups:</td><td></td>
</tr><tr>
<td>Excluded groups:</td><td></td>
</tr>
</table><p/>
<small><i>(Hover the method name to see the test class name)</i></small><p/>
<table width='100%' border='1' class='invocation-failed'>
<tr><td colspan='4' align='center'><b>FAILED TESTS</b></td></tr>
<tr><td><b>Test method</b></td>
<td width="30%"><b>Exception</b></td>
<td width="10%"><b>Time (seconds)</b></td>
<td><b>Instance</b></td>
</tr>
<tr>
<td title='io.duotech.uiTests.TestNG.testCase3()'><b>testCase3</b><br>Test class: io.duotech.uiTests.TestNG</td>
<td><div><pre>java.lang.AssertionError: expected [true] but found [false]
	at io.duotech.uiTests.TestNG.testCase3(TestNG.java:25)
	at java.util.ArrayList.forEach(Unknown Source)
... Removed 31 stack frames</pre></div><a href='#' onClick='toggleBox("stack-trace20111564", this, "Click to show all stack frames", "Click to hide stack frames")'>Click to show all stack frames</a>
<div class='stack-trace' id='stack-trace20111564'><pre>java.lang.AssertionError: expected [true] but found [false]
	at org.testng.Assert.fail(Assert.java:97)
	at org.testng.Assert.failNotEquals(Assert.java:968)
	at org.testng.Assert.assertTrue(Assert.java:43)
	at org.testng.Assert.assertTrue(Assert.java:53)
	at io.duotech.uiTests.TestNG.testCase3(TestNG.java:25)
	at sun.reflect.NativeMethodAccessorImpl.invoke0(Native Method)
	at sun.reflect.NativeMethodAccessorImpl.invoke(Unknown Source)
	at sun.reflect.DelegatingMethodAccessorImpl.invoke(Unknown Source)
	at java.lang.reflect.Method.invoke(Unknown Source)
	at org.testng.internal.MethodInvocationHelper.invokeMethod(MethodInvocationHelper.java:135)
	at org.testng.internal.TestInvoker.invokeMethod(TestInvoker.java:598)
	at org.testng.internal.TestInvoker.invokeTestMethod(TestInvoker.java:174)
	at org.testng.internal.MethodRunner.runInSequence(MethodRunner.java:46)
	at org.testng.internal.TestInvoker$MethodInvocationAgent.invoke(TestInvoker.java:821)
	at org.testng.internal.TestInvoker.invokeTestMethods(TestInvoker.java:147)
	at org.testng.internal.TestMethodWorker.invokeTestMethods(TestMethodWorker.java:146)
	at org.testng.internal.TestMethodWorker.run(TestMethodWorker.java:128)
	at java.util.ArrayList.forEach(Unknown Source)
	at org.testng.TestRunner.privateRun(TestRunner.java:767)
	at org.testng.TestRunner.run(TestRunner.java:588)
	at org.testng.SuiteRunner.runTest(SuiteRunner.java:384)
	at org.testng.SuiteRunner.runSequentially(SuiteRunner.java:378)
	at org.testng.SuiteRunner.privateRun(SuiteRunner.java:337)
	at org.testng.SuiteRunner.run(SuiteRunner.java:286)
	at org.testng.SuiteRunnerWorker.runSuite(SuiteRunnerWorker.java:53)
	at org.testng.SuiteRunnerWorker.run(SuiteRunnerWorker.java:96)
	at org.testng.TestNG.runSuitesSequentially(TestNG.java:1214)
	at org.testng.TestNG.runSuitesLocally(TestNG.java:1136)
	at org.testng.TestNG.runSuites(TestNG.java:1066)
	at org.testng.TestNG.run(TestNG.java:1034)
	at org.testng.remote.AbstractRemoteTestNG.run(AbstractRemoteTestNG.java:115)
	at org.testng.remote.RemoteTestNG.initAndRun(RemoteTestNG.java:251)
	at org.testng.remote.RemoteTestNG.main(RemoteTestNG.java:77)
</pre></div></td>
<td>0</td>
<td>io.duotech.uiTests.TestNG@6321e813</td></tr>
<tr>
<td title='testngdemo.TestNGDemo.testCase3()'><b>testCase3</b><br>Test class: testngdemo.TestNGDemo</td>
<td><div><pre>java.lang.AssertionError: expected [true] but found [false]
	at testngdemo.TestNGDemo.testCase3(TestNGDemo.java:25)
	at java.util.ArrayList.forEach(Unknown Source)
... Removed 31 stack frames</pre></div><a href='#' onClick='toggleBox("stack-trace893523498", this, "Click to show all stack frames", "Click to hide stack frames")'>Click to show all stack frames</a>
<div class='stack-trace' id='stack-trace893523498'><pre>java.lang.AssertionError: expected [true] but found [false]
	at org.testng.Assert.fail(Assert.java:97)
	at org.testng.Assert.failNotEquals(Assert.java:968)
	at org.testng.Assert.assertTrue(Assert.java:43)
	at org.testng.Assert.assertTrue(Assert.java:53)
	at testngdemo.TestNGDemo.testCase3(TestNGDemo.java:25)
	at sun.reflect.NativeMethodAccessorImpl.invoke0(Native Method)
	at sun.reflect.NativeMethodAccessorImpl.invoke(Unknown Source)
	at sun.reflect.DelegatingMethodAccessorImpl.invoke(Unknown Source)
	at java.lang.reflect.Method.invoke(Unknown Source)
	at org.testng.internal.MethodInvocationHelper.invokeMethod(MethodInvocationHelper.java:135)
	at org.testng.internal.TestInvoker.invokeMethod(TestInvoker.java:598)
	at org.testng.internal.TestInvoker.invokeTestMethod(TestInvoker.java:174)
	at org.testng.internal.MethodRunner.runInSequence(MethodRunner.java:46)
	at org.testng.internal.TestInvoker$MethodInvocationAgent.invoke(TestInvoker.java:821)
	at org.testng.internal.TestInvoker.invokeTestMethods(TestInvoker.java:147)
	at org.testng.internal.TestMethodWorker.invokeTestMethods(TestMethodWorker.java:146)
	at org.testng.internal.TestMethodWorker.run(TestMethodWorker.java:128)
	at java.util.ArrayList.forEach(Unknown Source)
	at org.testng.TestRunner.privateRun(TestRunner.java:767)
	at org.testng.TestRunner.run(TestRunner.java:588)
	at org.testng.SuiteRunner.runTest(SuiteRunner.java:384)
	at org.testng.SuiteRunner.runSequentially(SuiteRunner.java:378)
	at org.testng.SuiteRunner.privateRun(SuiteRunner.java:337)
	at org.testng.SuiteRunner.run(SuiteRunner.java:286)
	at org.testng.SuiteRunnerWorker.runSuite(SuiteRunnerWorker.java:53)
	at org.testng.SuiteRunnerWorker.run(SuiteRunnerWorker.java:96)
	at org.testng.TestNG.runSuitesSequentially(TestNG.java:1214)
	at org.testng.TestNG.runSuitesLocally(TestNG.java:1136)
	at org.testng.TestNG.runSuites(TestNG.java:1066)
	at org.testng.TestNG.run(TestNG.java:1034)
	at org.testng.remote.AbstractRemoteTestNG.run(AbstractRemoteTestNG.java:115)
	at org.testng.remote.RemoteTestNG.initAndRun(RemoteTestNG.java:251)
	at org.testng.remote.RemoteTestNG.main(RemoteTestNG.java:77)
</pre></div></td>
<td>0</td>
<td>testngdemo.TestNGDemo@57855c9a</td></tr>
</table><p>
<table width='100%' border='1' class='invocation-passed'>
<tr><td colspan='4' align='center'><b>PASSED TESTS</b></td></tr>
<tr><td><b>Test method</b></td>
<td width="30%"><b>Exception</b></td>
<td width="10%"><b>Time (seconds)</b></td>
<td><b>Instance</b></td>
</tr>
<tr>
<td title='july3.TestOrder.aTest()'><b>aTest</b><br>Test class: july3.TestOrder</td>
<td></td>
<td>0</td>
<td>july3.TestOrder@79be0360</td></tr>
<tr>
<td title='io.duotech.uiTests.Login.negativeLogin()'><b>negativeLogin</b><br>Test class: io.duotech.uiTests.Login</td>
<td></td>
<td>3</td>
<td>io.duotech.uiTests.Login@3d99d22e</td></tr>
<tr>
<td title='testngdemo.LoginTests.negativeLogin()'><b>negativeLogin</b><br>Test class: testngdemo.LoginTests</td>
<td></td>
<td>3</td>
<td>testngdemo.LoginTests@cd2dae5</td></tr>
<tr>
<td title='io.duotech.uiTests.Login.positiveLogin()'><b>positiveLogin</b><br>Test class: io.duotech.uiTests.Login</td>
<td></td>
<td>2</td>
<td>io.duotech.uiTests.Login@3d99d22e</td></tr>
<tr>
<td title='io.duotech.uiTests.TestNG.positiveLogin()'><b>positiveLogin</b><br>Test class: io.duotech.uiTests.TestNG</td>
<td></td>
<td>7</td>
<td>io.duotech.uiTests.TestNG@6321e813</td></tr>
<tr>
<td title='testngdemo.LoginTests.positiveLogin()'><b>positiveLogin</b><br>Test class: testngdemo.LoginTests</td>
<td></td>
<td>2</td>
<td>testngdemo.LoginTests@cd2dae5</td></tr>
<tr>
<td title='testngdemo.TestNGDemo.positiveLogin()'><b>positiveLogin</b><br>Test class: testngdemo.TestNGDemo</td>
<td></td>
<td>7</td>
<td>testngdemo.TestNGDemo@57855c9a</td></tr>
<tr>
<td title='io.duotech.uiTests.TestOrder.test1()'><b>test1</b><br>Test class: io.duotech.uiTests.TestOrder</td>
<td></td>
<td>0</td>
<td>io.duotech.uiTests.TestOrder@49fc609f</td></tr>
<tr>
<td title='testngdemo.TestOrderOfExecution.test1()'><b>test1</b><br>Test class: testngdemo.TestOrderOfExecution</td>
<td></td>
<td>0</td>
<td>testngdemo.TestOrderOfExecution@3a883ce7</td></tr>
<tr>
<td title='io.duotech.uiTests.TestOrder.test2()'><b>test2</b><br>Test class: io.duotech.uiTests.TestOrder</td>
<td></td>
<td>0</td>
<td>io.duotech.uiTests.TestOrder@49fc609f</td></tr>
<tr>
<td title='testngdemo.TestOrderOfExecution.test2()'><b>test2</b><br>Test class: testngdemo.TestOrderOfExecution</td>
<td></td>
<td>0</td>
<td>testngdemo.TestOrderOfExecution@3a883ce7</td></tr>
<tr>
<td title='io.duotech.uiTests.DB.testCase1DB()'><b>testCase1DB</b><br>Test class: io.duotech.uiTests.DB</td>
<td></td>
<td>0</td>
<td>io.duotech.uiTests.DB@4973813a</td></tr>
<tr>
<td title='testngdemo.DatabaseTests.testCase1DB()'><b>testCase1DB</b><br>Test class: testngdemo.DatabaseTests</td>
<td></td>
<td>0</td>
<td>testngdemo.DatabaseTests@22a67b4</td></tr>
<tr>
<td title='io.duotech.uiTests.TestNG.testCase2()'><b>testCase2</b><br>Test class: io.duotech.uiTests.TestNG</td>
<td></td>
<td>0</td>
<td>io.duotech.uiTests.TestNG@6321e813</td></tr>
<tr>
<td title='testngdemo.TestNGDemo.testCase2()'><b>testCase2</b><br>Test class: testngdemo.TestNGDemo</td>
<td></td>
<td>0</td>
<td>testngdemo.TestNGDemo@57855c9a</td></tr>
<tr>
<td title='io.duotech.uiTests.DB.testCase2DB()'><b>testCase2DB</b><br>Test class: io.duotech.uiTests.DB</td>
<td></td>
<td>0</td>
<td>io.duotech.uiTests.DB@4973813a</td></tr>
<tr>
<td title='testngdemo.DatabaseTests.testCase2DB()'><b>testCase2DB</b><br>Test class: testngdemo.DatabaseTests</td>
<td></td>
<td>0</td>
<td>testngdemo.DatabaseTests@22a67b4</td></tr>
<tr>
<td title='july3.TestOrder.xTest()'><b>xTest</b><br>Test class: july3.TestOrder</td>
<td></td>
<td>0</td>
<td>july3.TestOrder@79be0360</td></tr>
<tr>
<td title='july3.TestOrder.zTest()'><b>zTest</b><br>Test class: july3.TestOrder<br>Test method: This test will check the API response</td>
<td></td>
<td>0</td>
<td>july3.TestOrder@79be0360</td></tr>
</table><p>
</body>
</html>